Drill report for play_cue_btn.kicad_pcb
Created on 2026-06-06T03:53:12

Copper Layer Stackup:
    =============================================================
    L1 :  F.Cu                      front
    L2 :  B.Cu                      back


Drill file 'play_cue_btn-PTH-drl.gbr' contains
    plated through holes:
    =============================================================
    T1  0.800mm  0.0315"  (32 holes))
    T2  0.900mm  0.0354"  (16 holes))
    T3  1.000mm  0.0394"  (6 holes))
    T4  1.100mm  0.0433"  (8 holes))

    Total plated holes count 62


Drill file 'play_cue_btn-NPTH-drl.gbr' contains
    unplated through holes:
    =============================================================
    T1  1.200mm  0.0472"  (1 hole)
    T2  3.200mm  0.1260"  (4 holes))

    Total unplated holes count 5
